Using pre-set license
Built from '2022.3/staging' branch; Version is '2022.3.23f1 (dbb3f7c5b5c6) revision 14398455'; Using compiler version '192829333'; Build Type 'Release'
OS: 'Windows 10  (10.0.19045) 64bit Core' Language: 'en' Physical Memory: 32679 MB
BatchMode: 1, IsHumanControllingUs: 0, StartBugReporterOnCrash: 0, Is64bit: 1, IsPro: 1

COMMAND LINE ARGUMENTS:
D:\Programs\Unity\UnityEditors\2022.3.23f1\Editor\Unity.exe
-adb2
-batchMode
-noUpm
-name
AssetImportWorker0
-projectPath
D:/Projects/OrigamiWarriors
-logFile
Logs/AssetImportWorker0.log
-srvPort
50793
Successfully changed project path to: D:/Projects/OrigamiWarriors
D:/Projects/OrigamiWarriors
[UnityMemory] Configuration Parameters - Can be set up in boot.config
    "memorysetup-bucket-allocator-granularity=16"
    "memorysetup-bucket-allocator-bucket-count=8"
    "memorysetup-bucket-allocator-block-size=33554432"
    "memorysetup-bucket-allocator-block-count=8"
    "memorysetup-main-allocator-block-size=16777216"
    "memorysetup-thread-allocator-block-size=16777216"
    "memorysetup-gfx-main-allocator-block-size=16777216"
    "memorysetup-gfx-thread-allocator-block-size=16777216"
    "memorysetup-cache-allocator-block-size=4194304"
    "memorysetup-typetree-allocator-block-size=2097152"
    "memorysetup-profiler-bucket-allocator-granularity=16"
    "memorysetup-profiler-bucket-allocator-bucket-count=8"
    "memorysetup-profiler-bucket-allocator-block-size=33554432"
    "memorysetup-profiler-bucket-allocator-block-count=8"
    "memorysetup-profiler-allocator-block-size=16777216"
    "memorysetup-profiler-editor-allocator-block-size=1048576"
    "memorysetup-temp-allocator-size-main=16777216"
    "memorysetup-job-temp-allocator-block-size=2097152"
    "memorysetup-job-temp-allocator-block-size-background=1048576"
    "memorysetup-job-temp-allocator-reduction-small-platforms=262144"
    "memorysetup-allocator-temp-initial-block-size-main=262144"
    "memorysetup-allocator-temp-initial-block-size-worker=262144"
    "memorysetup-temp-allocator-size-background-worker=32768"
    "memorysetup-temp-allocator-size-job-worker=262144"
    "memorysetup-temp-allocator-size-preload-manager=33554432"
    "memorysetup-temp-allocator-size-nav-mesh-worker=65536"
    "memorysetup-temp-allocator-size-audio-worker=65536"
    "memorysetup-temp-allocator-size-cloud-worker=32768"
    "memorysetup-temp-allocator-size-gi-baking-worker=262144"
    "memorysetup-temp-allocator-size-gfx=262144"
Player connection [14864] Host "[IP] 192.168.0.177 [Port] 0 [Flags] 2 [Guid] 3834307018 [EditorId] 3834307018 [Version] 1048832 [Id] WindowsEditor(7,DESKTOP-VEM6K9N) [Debug] 1 [PackageName] WindowsEditor [ProjectName] Editor" joined multi-casting on [225.0.0.222:54997]...

Player connection [14864] Host "[IP] 192.168.0.177 [Port] 0 [Flags] 2 [Guid] 3834307018 [EditorId] 3834307018 [Version] 1048832 [Id] WindowsEditor(7,DESKTOP-VEM6K9N) [Debug] 1 [PackageName] WindowsEditor [ProjectName] Editor" joined alternative multi-casting on [225.0.0.222:34997]...

[Physics::Module] Initialized MultithreadedJobDispatcher with 11 workers.
Refreshing native plugins compatible for Editor in 6.02 ms, found 3 plugins.
Preloading 0 native plugins for Editor in 0.00 ms.
Initialize engine version: 2022.3.23f1 (dbb3f7c5b5c6)
[Subsystems] Discovering subsystems at path D:/Programs/Unity/UnityEditors/2022.3.23f1/Editor/Data/Resources/UnitySubsystems
[Subsystems] Discovering subsystems at path D:/Projects/OrigamiWarriors/Assets
GfxDevice: creating device client; threaded=0; jobified=0
Direct3D:
    Version:  Direct3D 11.0 [level 11.1]
    Renderer: NVIDIA GeForce GTX 1070 (ID=0x1b81)
    Vendor:   NVIDIA
    VRAM:     8067 MB
    Driver:   31.0.15.5222
Initialize mono
Mono path[0] = 'D:/Programs/Unity/UnityEditors/2022.3.23f1/Editor/Data/Managed'
Mono path[1] = 'D:/Programs/Unity/UnityEditors/2022.3.23f1/Editor/Data/MonoBleedingEdge/lib/mono/unityjit-win32'
Mono config path = 'D:/Programs/Unity/UnityEditors/2022.3.23f1/Editor/Data/MonoBleedingEdge/etc'
Using monoOptions --debugger-agent=transport=dt_socket,embedding=1,server=y,suspend=n,address=127.0.0.1:56124
Begin MonoManager ReloadAssembly
Registering precompiled unity dll's ...
Register platform support module: D:/Programs/Unity/UnityEditors/2022.3.23f1/Editor/Data/PlaybackEngines/WindowsStandaloneSupport/UnityEditor.WindowsStandalone.Extensions.dll
Registered in 0.005034 seconds.
- Loaded All Assemblies, in  0.265 seconds
Native extension for WindowsStandalone target not found
Mono: successfully reloaded assembly
- Finished resetting the current domain, in  0.215 seconds
Domain Reload Profiling: 478ms
	BeginReloadAssembly (79ms)
		ExecutionOrderSort (0ms)
		DisableScriptedObjects (0ms)
		BackupInstance (0ms)
		ReleaseScriptingObjects (0ms)
		CreateAndSetChildDomain (1ms)
	RebuildCommonClasses (28ms)
	RebuildNativeTypeToScriptingClass (9ms)
	initialDomainReloadingComplete (46ms)
	LoadAllAssembliesAndSetupDomain (100ms)
		LoadAssemblies (78ms)
		RebuildTransferFunctionScriptingTraits (0ms)
		AnalyzeDomain (99ms)
			TypeCache.Refresh (98ms)
				TypeCache.ScanAssembly (89ms)
			ScanForSourceGeneratedMonoScriptInfo (0ms)
			ResolveRequiredComponents (0ms)
	FinalizeReload (215ms)
		ReleaseScriptCaches (0ms)
		RebuildScriptCaches (0ms)
		SetupLoadedEditorAssemblies (168ms)
			LogAssemblyErrors (0ms)
			InitializePlatformSupportModulesInManaged (7ms)
			SetLoadedEditorAssemblies (6ms)
			RefreshPlugins (0ms)
			BeforeProcessingInitializeOnLoad (2ms)
			ProcessInitializeOnLoadAttributes (114ms)
			ProcessInitializeOnLoadMethodAttributes (38ms)
			AfterProcessingInitializeOnLoad (0ms)
			EditorAssembliesLoaded (0ms)
		ExecutionOrderSort2 (0ms)
		AwakeInstancesAfterBackupRestoration (0ms)
========================================================================
Worker process is ready to serve import requests
Begin MonoManager ReloadAssembly
- Loaded All Assemblies, in  0.487 seconds
Refreshing native plugins compatible for Editor in 2.00 ms, found 3 plugins.
Native extension for WindowsStandalone target not found
Package Manager log level set to [2]
[Package Manager] Server::EnsureServerProcessIsRunning -- launch failed, reason: Unity was launched with the -noUpm command-line argument
[Package Manager] UpmClient::Send -- Unable to send message (not connected to UPM process).
[Package Manager] Cannot connect to Unity Package Manager local server
Mono: successfully reloaded assembly
- Finished resetting the current domain, in  0.563 seconds
Domain Reload Profiling: 1049ms
	BeginReloadAssembly (119ms)
		ExecutionOrderSort (0ms)
		DisableScriptedObjects (5ms)
		BackupInstance (0ms)
		ReleaseScriptingObjects (0ms)
		CreateAndSetChildDomain (16ms)
	RebuildCommonClasses (24ms)
	RebuildNativeTypeToScriptingClass (12ms)
	initialDomainReloadingComplete (31ms)
	LoadAllAssembliesAndSetupDomain (299ms)
		LoadAssemblies (233ms)
		RebuildTransferFunctionScriptingTraits (0ms)
		AnalyzeDomain (133ms)
			TypeCache.Refresh (115ms)
				TypeCache.ScanAssembly (104ms)
			ScanForSourceGeneratedMonoScriptInfo (13ms)
			ResolveRequiredComponents (4ms)
	FinalizeReload (564ms)
		ReleaseScriptCaches (0ms)
		RebuildScriptCaches (0ms)
		SetupLoadedEditorAssemblies (451ms)
			LogAssemblyErrors (0ms)
			InitializePlatformSupportModulesInManaged (5ms)
			SetLoadedEditorAssemblies (5ms)
			RefreshPlugins (0ms)
			BeforeProcessingInitializeOnLoad (84ms)
			ProcessInitializeOnLoadAttributes (334ms)
			ProcessInitializeOnLoadMethodAttributes (19ms)
			AfterProcessingInitializeOnLoad (5ms)
			EditorAssembliesLoaded (0ms)
		ExecutionOrderSort2 (0ms)
		AwakeInstancesAfterBackupRestoration (5ms)
Launched and connected shader compiler UnityShaderCompiler.exe after 0.03 seconds
Refreshing native plugins compatible for Editor in 2.17 ms, found 3 plugins.
Preloading 0 native plugins for Editor in 0.00 ms.
Unloading 3793 Unused Serialized files (Serialized files now loaded: 0)
Unloading 33 unused Assets / (90.4 KB). Loaded Objects now: 4254.
Memory consumption went from 143.5 MB to 143.4 MB.
Total: 2.517700 ms (FindLiveObjects: 0.233100 ms CreateObjectMapping: 0.098300 ms MarkObjects: 2.079300 ms  DeleteObjects: 0.106300 ms)

AssetImportParameters requested are different than current active one (requested -> active):
  custom:container-demuxer-ogg: 62fdf1f143b41e24485cea50d1cbac27 -> 
  custom:video-decoder-ogg-theora: a1e56fd34408186e4bbccfd4996cb3dc -> 
  custom:framework-win-MediaFoundation: 216162199b28c13a410421893ffa2e32 -> 
  custom:CustomObjectIndexerAttribute: 9a22284fe3817be447336de3de66b15e -> 
  custom:container-demuxer-webm: 4f35f7cbe854078d1ac9338744f61a02 -> 
  custom:container-muxer-webm: aa71ff27fc2769a1b78a27578f13a17b -> 
  custom:video-decoder-webm-vp8: 9c59270c3fd7afecdb556c50c9e8de78 -> 
  custom:SearchIndexIgnoredProperties: e643bd26f0fe6173181afceb89e7c659 -> 
  custom:AudioImporter_EditorPlatform: d09bf68614088b80899f8185d706f6e7 -> 
  custom:video-encoder-webm-vp8: eb34c28f22e8b96e1ab97ce403110664 -> 
  custom:audio-decoder-ogg-vorbis: bf7c407c2cedff20999df2af8eb42d56 -> 
  custom:audio-encoder-webm-vorbis: bf7c407c2cedff20999df2af8eb42d56 -> 
========================================================================
Received Import Request.
  Time since last request: 3163.154364 seconds.
  path: Assets/Resources
  artifactKey: Guid(8ec2c25696c8a474190ddebfd099dec5) Importer(815301076,1909f56bfc062723c751e8b465ee728b)
Start importing Assets/Resources using Guid(8ec2c25696c8a474190ddebfd099dec5) Importer(815301076,1909f56bfc062723c751e8b465ee728b)  -> (artifact id: '09bc77863435304e9cfffbace5089462') in 0.002899 seconds
Number of updated asset objects reloaded before import = 0
Number of asset objects unloaded after import = 0
========================================================================
Received Import Request.
  Time since last request: 1.944681 seconds.
  path: Assets/Plugins
  artifactKey: Guid(123480187c2154b4faa97776a4a92e6a) Importer(815301076,1909f56bfc062723c751e8b465ee728b)
Start importing Assets/Plugins using Guid(123480187c2154b4faa97776a4a92e6a) Importer(815301076,1909f56bfc062723c751e8b465ee728b)  -> (artifact id: '72e4d9f1f9f1a5342f5294556469238f') in 0.000373 seconds
Number of updated asset objects reloaded before import = 0
Number of asset objects unloaded after import = 0
========================================================================
Received Import Request.
  Time since last request: 13.029314 seconds.
  path: Assets/Scripts
  artifactKey: Guid(19afeb133bdbb334d9b15ee54fed8f9b) Importer(815301076,1909f56bfc062723c751e8b465ee728b)
Start importing Assets/Scripts using Guid(19afeb133bdbb334d9b15ee54fed8f9b) Importer(815301076,1909f56bfc062723c751e8b465ee728b)  -> (artifact id: '11cab589f77949687db48f551875c059') in 0.000453 seconds
Number of updated asset objects reloaded before import = 9
Number of asset objects unloaded after import = 0
========================================================================
Received Import Request.
  Time since last request: 1.539923 seconds.
  path: Assets/Scripts/Timer.cs
  artifactKey: Guid(042beb74fd6f6224a856b6dcc38d22fe) Importer(815301076,1909f56bfc062723c751e8b465ee728b)
Start importing Assets/Scripts/Timer.cs using Guid(042beb74fd6f6224a856b6dcc38d22fe) Importer(815301076,1909f56bfc062723c751e8b465ee728b)  -> (artifact id: 'f4eba12cf9ceea302be34f1e14d9533a') in 0.000389 seconds
Number of updated asset objects reloaded before import = 0
Number of asset objects unloaded after import = 0
========================================================================
Received Prepare
Begin MonoManager ReloadAssembly
- Loaded All Assemblies, in  0.363 seconds
Refreshing native plugins compatible for Editor in 2.32 ms, found 3 plugins.
Native extension for WindowsStandalone target not found
[Package Manager] Server::EnsureServerProcessIsRunning -- launch failed, reason: Unity was launched with the -noUpm command-line argument
[Package Manager] UpmClient::Send -- Unable to send message (not connected to UPM process).
[Package Manager] Cannot connect to Unity Package Manager local server
Mono: successfully reloaded assembly
- Finished resetting the current domain, in  0.800 seconds
Domain Reload Profiling: 1161ms
	BeginReloadAssembly (123ms)
		ExecutionOrderSort (0ms)
		DisableScriptedObjects (6ms)
		BackupInstance (0ms)
		ReleaseScriptingObjects (0ms)
		CreateAndSetChildDomain (26ms)
	RebuildCommonClasses (36ms)
	RebuildNativeTypeToScriptingClass (9ms)
	initialDomainReloadingComplete (21ms)
	LoadAllAssembliesAndSetupDomain (171ms)
		LoadAssemblies (219ms)
		RebuildTransferFunctionScriptingTraits (0ms)
		AnalyzeDomain (17ms)
			TypeCache.Refresh (6ms)
				TypeCache.ScanAssembly (1ms)
			ScanForSourceGeneratedMonoScriptInfo (5ms)
			ResolveRequiredComponents (5ms)
	FinalizeReload (800ms)
		ReleaseScriptCaches (0ms)
		RebuildScriptCaches (0ms)
		SetupLoadedEditorAssemblies (376ms)
			LogAssemblyErrors (0ms)
			InitializePlatformSupportModulesInManaged (4ms)
			SetLoadedEditorAssemblies (3ms)
			RefreshPlugins (0ms)
			BeforeProcessingInitializeOnLoad (76ms)
			ProcessInitializeOnLoadAttributes (268ms)
			ProcessInitializeOnLoadMethodAttributes (20ms)
			AfterProcessingInitializeOnLoad (4ms)
			EditorAssembliesLoaded (0ms)
		ExecutionOrderSort2 (0ms)
		AwakeInstancesAfterBackupRestoration (5ms)
Refreshing native plugins compatible for Editor in 1.97 ms, found 3 plugins.
Preloading 0 native plugins for Editor in 0.00 ms.
Unloading 3772 Unused Serialized files (Serialized files now loaded: 0)
Unloading 24 unused Assets / (62.9 KB). Loaded Objects now: 4257.
Memory consumption went from 140.5 MB to 140.4 MB.
Total: 3.068900 ms (FindLiveObjects: 0.202000 ms CreateObjectMapping: 0.095100 ms MarkObjects: 2.708800 ms  DeleteObjects: 0.062400 ms)

Prepare: number of updated asset objects reloaded= 0
AssetImportParameters requested are different than current active one (requested -> active):
  custom:container-demuxer-ogg: 62fdf1f143b41e24485cea50d1cbac27 -> 
  custom:video-decoder-ogg-theora: a1e56fd34408186e4bbccfd4996cb3dc -> 
  custom:framework-win-MediaFoundation: 216162199b28c13a410421893ffa2e32 -> 
  custom:CustomObjectIndexerAttribute: 9a22284fe3817be447336de3de66b15e -> 
  custom:container-demuxer-webm: 4f35f7cbe854078d1ac9338744f61a02 -> 
  custom:container-muxer-webm: aa71ff27fc2769a1b78a27578f13a17b -> 
  custom:video-decoder-webm-vp8: 9c59270c3fd7afecdb556c50c9e8de78 -> 
  custom:SearchIndexIgnoredProperties: e643bd26f0fe6173181afceb89e7c659 -> 
  custom:AudioImporter_EditorPlatform: d09bf68614088b80899f8185d706f6e7 -> 
  custom:video-encoder-webm-vp8: eb34c28f22e8b96e1ab97ce403110664 -> 
  custom:audio-decoder-ogg-vorbis: bf7c407c2cedff20999df2af8eb42d56 -> 
  custom:audio-encoder-webm-vorbis: bf7c407c2cedff20999df2af8eb42d56 -> 
========================================================================
Received Import Request.
  Time since last request: 14.352719 seconds.
  path: Assets/__Scripts/ServiceLocator
  artifactKey: Guid(2baeaba6d241aa045914bf07e6a672d1) Importer(815301076,1909f56bfc062723c751e8b465ee728b)
Start importing Assets/__Scripts/ServiceLocator using Guid(2baeaba6d241aa045914bf07e6a672d1) Importer(815301076,1909f56bfc062723c751e8b465ee728b)  -> (artifact id: '77d3a96e2979e14039709c029f4a04d5') in 0.001671 seconds
Number of updated asset objects reloaded before import = 0
Number of asset objects unloaded after import = 0
========================================================================
Received Import Request.
  Time since last request: 1.447907 seconds.
  path: Assets/__Scripts/ServiceLocator/Bootstrapper.cs
  artifactKey: Guid(5e781a78387432c4ab24277dc0917bcc) Importer(815301076,1909f56bfc062723c751e8b465ee728b)
Start importing Assets/__Scripts/ServiceLocator/Bootstrapper.cs using Guid(5e781a78387432c4ab24277dc0917bcc) Importer(815301076,1909f56bfc062723c751e8b465ee728b)  -> (artifact id: '67f22ddfe1b82d8b2f192f2daa017e7d') in 0.000402 seconds
Number of updated asset objects reloaded before import = 0
Number of asset objects unloaded after import = 0
========================================================================
Received Import Request.
  Time since last request: 38.251480 seconds.
  path: Assets/__Scripts/Injector
  artifactKey: Guid(2fca033aadd2bf64ba4968732cf4e19a) Importer(815301076,1909f56bfc062723c751e8b465ee728b)
Start importing Assets/__Scripts/Injector using Guid(2fca033aadd2bf64ba4968732cf4e19a) Importer(815301076,1909f56bfc062723c751e8b465ee728b)  -> (artifact id: '6de4d2200243ddfcc21f78e566a1d674') in 0.000378 seconds
Number of updated asset objects reloaded before import = 0
Number of asset objects unloaded after import = 0
========================================================================
Received Import Request.
  Time since last request: 0.893706 seconds.
  path: Assets/__Scripts/Injector/Injector.cs
  artifactKey: Guid(49a226cf43038e14c9442ffdd3d8f7af) Importer(815301076,1909f56bfc062723c751e8b465ee728b)
Start importing Assets/__Scripts/Injector/Injector.cs using Guid(49a226cf43038e14c9442ffdd3d8f7af) Importer(815301076,1909f56bfc062723c751e8b465ee728b)  -> (artifact id: '1ad6c54e41f7dd306405572e866d624b') in 0.000378 seconds
Number of updated asset objects reloaded before import = 0
Number of asset objects unloaded after import = 0
========================================================================
Received Import Request.
  Time since last request: 25.710085 seconds.
  path: Assets/__Scripts/GoapAgent.cs
  artifactKey: Guid(d71741346b4cb4c438a1563c620cc5f6) Importer(815301076,1909f56bfc062723c751e8b465ee728b)
Start importing Assets/__Scripts/GoapAgent.cs using Guid(d71741346b4cb4c438a1563c620cc5f6) Importer(815301076,1909f56bfc062723c751e8b465ee728b)  -> (artifact id: '29180dc2fff13cb3235009d362874f62') in 0.000394 seconds
Number of updated asset objects reloaded before import = 0
Number of asset objects unloaded after import = 0
========================================================================
Received Import Request.
  Time since last request: 10.375244 seconds.
  path: Assets/RPG Tiny Hero Duo
  artifactKey: Guid(08a10c62e12f2cc4e96e5d30cdd10104) Importer(815301076,1909f56bfc062723c751e8b465ee728b)
Start importing Assets/RPG Tiny Hero Duo using Guid(08a10c62e12f2cc4e96e5d30cdd10104) Importer(815301076,1909f56bfc062723c751e8b465ee728b)  -> (artifact id: 'e3c9e870595bcc3d0737ebf4c4a32c7b') in 0.000344 seconds
Number of updated asset objects reloaded before import = 0
Number of asset objects unloaded after import = 0
========================================================================
Received Import Request.
  Time since last request: 6.065626 seconds.
  path: Assets/Prefabs
  artifactKey: Guid(b263fd81cc6595d4c8fcba6990e43d23) Importer(815301076,1909f56bfc062723c751e8b465ee728b)
Start importing Assets/Prefabs using Guid(b263fd81cc6595d4c8fcba6990e43d23) Importer(815301076,1909f56bfc062723c751e8b465ee728b)  -> (artifact id: 'b02e7b24041a9810d893bc6917cc32e5') in 0.000335 seconds
Number of updated asset objects reloaded before import = 0
Number of asset objects unloaded after import = 0
========================================================================
Received Import Request.
  Time since last request: 10.987907 seconds.
  path: Assets/Materials
  artifactKey: Guid(b6c8a8d532b3e9844aa63e2ec17b87c9) Importer(815301076,1909f56bfc062723c751e8b465ee728b)
Start importing Assets/Materials using Guid(b6c8a8d532b3e9844aa63e2ec17b87c9) Importer(815301076,1909f56bfc062723c751e8b465ee728b)  -> (artifact id: '9db092c5d50f9fea0abd3e1cb8322cf6') in 0.000357 seconds
Number of updated asset objects reloaded before import = 0
Number of asset objects unloaded after import = 0
========================================================================
Received Import Request.
  Time since last request: 1.691726 seconds.
  path: Assets/Art
  artifactKey: Guid(715c3160f9d09984bb97339655839ba7) Importer(815301076,1909f56bfc062723c751e8b465ee728b)
Start importing Assets/Art using Guid(715c3160f9d09984bb97339655839ba7) Importer(815301076,1909f56bfc062723c751e8b465ee728b)  -> (artifact id: 'be7f9079941fa9e408cb11100a0b9d6e') in 0.000394 seconds
Number of updated asset objects reloaded before import = 0
Number of asset objects unloaded after import = 0
========================================================================
Received Import Request.
  Time since last request: 3.276367 seconds.
  path: Assets/Art/Materials
  artifactKey: Guid(11cd3a8774f46b4428f4cd21b6b65035) Importer(815301076,1909f56bfc062723c751e8b465ee728b)
Start importing Assets/Art/Materials using Guid(11cd3a8774f46b4428f4cd21b6b65035) Importer(815301076,1909f56bfc062723c751e8b465ee728b)  -> (artifact id: 'b619897a37c9791b3e8890a3b33e7821') in 0.000409 seconds
Number of updated asset objects reloaded before import = 0
Number of asset objects unloaded after import = 0
========================================================================
Received Import Request.
  Time since last request: 5.130022 seconds.
  path: Assets/GameData
  artifactKey: Guid(27e330edddede0c4a932413c8621588e) Importer(815301076,1909f56bfc062723c751e8b465ee728b)
Start importing Assets/GameData using Guid(27e330edddede0c4a932413c8621588e) Importer(815301076,1909f56bfc062723c751e8b465ee728b)  -> (artifact id: '89a5543c028bdce730e36534857b5a9f') in 0.000382 seconds
Number of updated asset objects reloaded before import = 0
Number of asset objects unloaded after import = 0
========================================================================
Received Import Request.
  Time since last request: 29.210359 seconds.
  path: Assets/Animations
  artifactKey: Guid(6a40bc6ffece0834d807cf446a53a9d2) Importer(815301076,1909f56bfc062723c751e8b465ee728b)
Start importing Assets/Animations using Guid(6a40bc6ffece0834d807cf446a53a9d2) Importer(815301076,1909f56bfc062723c751e8b465ee728b)  -> (artifact id: 'b1eecf1fb371b5163c3e607534ee533b') in 0.000366 seconds
Number of updated asset objects reloaded before import = 0
Number of asset objects unloaded after import = 0
========================================================================
Received Import Request.
  Time since last request: 1.634524 seconds.
  path: Assets/Animations/AnimationController.cs
  artifactKey: Guid(642e5ab5aa21a764ca06d6c153fcb14a) Importer(815301076,1909f56bfc062723c751e8b465ee728b)
Start importing Assets/Animations/AnimationController.cs using Guid(642e5ab5aa21a764ca06d6c153fcb14a) Importer(815301076,1909f56bfc062723c751e8b465ee728b)  -> (artifact id: '3a19d57e3e54cece2b2487e16094d2b4') in 0.000442 seconds
Number of updated asset objects reloaded before import = 0
Number of asset objects unloaded after import = 0
========================================================================
Received Import Request.
  Time since last request: 4.487437 seconds.
  path: Assets/Animations/CactusAnimationController.cs
  artifactKey: Guid(241a9654289eb5744b9661ca64ef77af) Importer(815301076,1909f56bfc062723c751e8b465ee728b)
Start importing Assets/Animations/CactusAnimationController.cs using Guid(241a9654289eb5744b9661ca64ef77af) Importer(815301076,1909f56bfc062723c751e8b465ee728b)  -> (artifact id: 'e334026a037843e93d632fd54677d7c3') in 0.000401 seconds
Number of updated asset objects reloaded before import = 0
Number of asset objects unloaded after import = 0
========================================================================
Received Import Request.
  Time since last request: 2.238595 seconds.
  path: Assets/Animations/HeroAnimationController.cs
  artifactKey: Guid(5579f5e3281b25f45ab93b4309b1f83d) Importer(815301076,1909f56bfc062723c751e8b465ee728b)
Start importing Assets/Animations/HeroAnimationController.cs using Guid(5579f5e3281b25f45ab93b4309b1f83d) Importer(815301076,1909f56bfc062723c751e8b465ee728b)  -> (artifact id: '2f3a78864a5ada785bca03dfa605f375') in 0.000410 seconds
Number of updated asset objects reloaded before import = 0
Number of asset objects unloaded after import = 0
========================================================================
Received Import Request.
  Time since last request: 0.887210 seconds.
  path: Assets/Animations/Controller.controller
  artifactKey: Guid(c8a3f0f745dc69047980d2f3cdb239a1) Importer(815301076,1909f56bfc062723c751e8b465ee728b)
Start importing Assets/Animations/Controller.controller using Guid(c8a3f0f745dc69047980d2f3cdb239a1) Importer(815301076,1909f56bfc062723c751e8b465ee728b)  -> (artifact id: '64edaa6fbc3055f76843975b145d7aea') in 0.010145 seconds
Number of updated asset objects reloaded before import = 0
Number of asset objects unloaded after import = 11
========================================================================
Received Import Request.
  Time since last request: 9.781069 seconds.
  path: Assets/Resources/Systems.prefab
  artifactKey: Guid(f2135032bdc0bc4489bff2dd3854224f) Importer(815301076,1909f56bfc062723c751e8b465ee728b)
Start importing Assets/Resources/Systems.prefab using Guid(f2135032bdc0bc4489bff2dd3854224f) Importer(815301076,1909f56bfc062723c751e8b465ee728b)  -> (artifact id: '187d4d5aa41a61847a8aa149733e2946') in 0.016040 seconds
Number of updated asset objects reloaded before import = 0
Number of asset objects unloaded after import = 19
========================================================================
Received Import Request.
  Time since last request: 7.366390 seconds.
  path: Assets/Scenes
  artifactKey: Guid(68dd024ca40d50743bb5c33def870a19) Importer(815301076,1909f56bfc062723c751e8b465ee728b)
Start importing Assets/Scenes using Guid(68dd024ca40d50743bb5c33def870a19) Importer(815301076,1909f56bfc062723c751e8b465ee728b)  -> (artifact id: '7c6037829d07dd325264e17ab713a223') in 0.000351 seconds
Number of updated asset objects reloaded before import = 0
Number of asset objects unloaded after import = 0
========================================================================
Received Import Request.
  Time since last request: 1.023397 seconds.
  path: Assets/Scenes/SampleScene.unity
  artifactKey: Guid(9fc0d4010bbf28b4594072e72b8655ab) Importer(815301076,1909f56bfc062723c751e8b465ee728b)
Start importing Assets/Scenes/SampleScene.unity using Guid(9fc0d4010bbf28b4594072e72b8655ab) Importer(815301076,1909f56bfc062723c751e8b465ee728b)  -> (artifact id: '66a32f9616e7669ec7f1e07ff9b84b57') in 0.000392 seconds
Number of updated asset objects reloaded before import = 0
Number of asset objects unloaded after import = 0
========================================================================
Received Import Request.
  Time since last request: 1.639121 seconds.
  path: Assets/Scenes/GOAP.unity
  artifactKey: Guid(ac7bbfc62e2bcd949aa6d7842c9e519c) Importer(815301076,1909f56bfc062723c751e8b465ee728b)
Start importing Assets/Scenes/GOAP.unity using Guid(ac7bbfc62e2bcd949aa6d7842c9e519c) Importer(815301076,1909f56bfc062723c751e8b465ee728b)  -> (artifact id: 'e45e2860c07b5308c040052d4f13ab67') in 0.000385 seconds
Number of updated asset objects reloaded before import = 0
Number of asset objects unloaded after import = 0
========================================================================
Received Import Request.
  Time since last request: 15.096257 seconds.
  path: Assets/Scenes/SampleScene
  artifactKey: Guid(0f15556c1959ba34ca7dfd9e68e6dd10) Importer(815301076,1909f56bfc062723c751e8b465ee728b)
Start importing Assets/Scenes/SampleScene using Guid(0f15556c1959ba34ca7dfd9e68e6dd10) Importer(815301076,1909f56bfc062723c751e8b465ee728b)  -> (artifact id: '1b808de9432d145e232eb2ea5a9371e7') in 0.000376 seconds
Number of updated asset objects reloaded before import = 0
Number of asset objects unloaded after import = 0
========================================================================
Received Import Request.
  Time since last request: 5.122297 seconds.
  path: Assets/Scenes/SampleScene.unity
  artifactKey: Guid(9fc0d4010bbf28b4594072e72b8655ab) Importer(815301076,1909f56bfc062723c751e8b465ee728b)
Start importing Assets/Scenes/SampleScene.unity using Guid(9fc0d4010bbf28b4594072e72b8655ab) Importer(815301076,1909f56bfc062723c751e8b465ee728b)  -> (artifact id: '11077a38c1742cae6d02b70454b73f1c') in 0.000412 seconds
Number of updated asset objects reloaded before import = 0
Number of asset objects unloaded after import = 0
